<?xml version="1.0" encoding="utf-8"?><testsuites name="pytest tests"><testsuite name="pytest" errors="0" failures="0" skipped="0" tests="109" time="49.149" timestamp="2026-08-18T09:43:15.712587+02:00" hostname="MacBookPro"><testcase classname="tests.integration.test_cli_real_chrome" name="test_independent_cli_processes_operate_one_real_target_without_stray_or_global_close" time="4.010" /><testcase classname="tests.integration.test_cli_real_chrome" name="test_real_content_dom_script_screenshot_and_workspace_artifacts" time="5.905" /><testcase classname="tests.integration.test_cli_real_chrome" name="test_attach_ambiguity_external_close_stale_error_and_user_tab_survival" time="2.585" /><testcase classname="tests.integration.test_cli_real_chrome" name="test_navigation_timeout_rolls_back_only_new_page" time="0.667" /><testcase classname="tests.integration.test_launcher_black_box" name="test_launcher_readiness_branches_and_missing_bundle_are_exactly_once" time="0.291" /><testcase classname="tests.integration.test_launcher_black_box" name="test_relocated_clean_bundle_first_health_and_help_from_unrelated_cwd" time="4.037" /><testcase classname="tests.integration.test_launcher_black_box" name="test_connectivity_failure_is_one_cli_owned_error" time="20.371" /><testcase classname="tests.integration.test_mcp_transports_real" name="test_production_stdio_mcp_launcher_inventory_real_operation_and_error" time="2.101" /><testcase classname="tests.integration.test_mcp_transports_real" name="test_streamable_http_default_loopback_and_explicit_remote_warning" time="3.201" /><testcase classname="tests.integration.test_mcp_transports_real" name="test_mcp_invalid_host_and_port_fail_before_server_start" time="0.890" /><testcase classname="tests.integration.test_runtime_real_chrome" name="test_production_owned_chrome_persists_for_later_cli_processes" time="3.607" /><testcase classname="tests.integration.test_skill_contract" name="test_skill_resolves_only_its_relative_launcher_from_the_advertised_file" time="0.001" /><testcase classname="tests.integration.test_skill_contract" name="test_bundle_and_package_publish_only_the_generic_entrypoints" time="0.005" /><testcase classname="tests.unit.test_application" name="test_shared_application_supports_explicit_cross_call_tab_workflow" time="0.003" /><testcase classname="tests.unit.test_application" name="test_attach_ambiguity_and_stale_target_are_stable" time="0.001" /><testcase classname="tests.unit.test_application" name="test_script_results_must_be_strict_finite_json[nan-None]" time="0.003" /><testcase classname="tests.unit.test_application" name="test_script_results_must_be_strict_finite_json[inf-artifacts/result.json]" time="0.001" /><testcase classname="tests.unit.test_application" name="test_script_results_must_be_strict_finite_json[result2-None]" time="0.001" /><testcase classname="tests.unit.test_application" name="test_script_results_must_be_strict_finite_json[result3-artifacts/result.json]" time="0.001" /><testcase classname="tests.unit.test_application" name="test_script_argument_must_be_strict_finite_json" time="0.001" /><testcase classname="tests.unit.test_application" name="test_script_lone_surrogate_results_remain_sink_safe[\ud800-None]" time="0.001" /><testcase classname="tests.unit.test_application" name="test_script_lone_surrogate_results_remain_sink_safe[\udfff-None]" time="0.001" /><testcase classname="tests.unit.test_application" name="test_script_lone_surrogate_results_remain_sink_safe[script_result2-artifacts/high-surrogate.json]" time="0.002" /><testcase classname="tests.unit.test_application" name="test_script_lone_surrogate_results_remain_sink_safe[script_result3-artifacts/low-surrogate.json]" time="0.002" /><testcase classname="tests.unit.test_application" name="test_screenshot_no_overwrite_preserves_interleaving_winner_and_cleans_temporary" time="0.002" /><testcase classname="tests.unit.test_application" name="test_screenshot_explicit_overwrite_replaces_existing_file" time="0.002" /><testcase classname="tests.unit.test_cli_and_mcp" name="test_cli_run_script_sources_map_to_the_same_application_arguments[argv0--(arg) =&gt; ({label: arg.label})-expected_arg0]" time="0.002" /><testcase classname="tests.unit.test_cli_and_mcp" name="test_cli_run_script_sources_map_to_the_same_application_arguments[argv1--(arg) =&gt; arg.count + 1-expected_arg1]" time="0.002" /><testcase classname="tests.unit.test_cli_and_mcp" name="test_cli_run_script_sources_map_to_the_same_application_arguments[argv2-(arg) =&gt; document.title-(arg) =&gt; document.title-None]" time="0.001" /><testcase classname="tests.unit.test_cli_and_mcp" name="test_cli_success_and_stable_error_envelopes" time="0.002" /><testcase classname="tests.unit.test_cli_and_mcp" name="test_cli_readiness_marker_precedes_parsing" time="0.002" /><testcase classname="tests.unit.test_cli_and_mcp" name="test_mcp_runtime_defaults_validation_and_inventory" time="0.018" /><testcase classname="tests.unit.test_cli_and_mcp" name="test_mcp_main_warns_once_for_non_loopback_http" time="0.001" /><testcase classname="tests.unit.test_cli_and_mcp" name="test_cli_rejects_non_finite_json_arguments_with_one_strict_envelope[NaN]" time="0.001" /><testcase classname="tests.unit.test_cli_and_mcp" name="test_cli_rejects_non_finite_json_arguments_with_one_strict_envelope[Infinity]" time="0.001" /><testcase classname="tests.unit.test_cli_and_mcp" name="test_cli_rejects_non_finite_json_arguments_with_one_strict_envelope[-Infinity]" time="0.002" /><testcase classname="tests.unit.test_cli_and_mcp" name="test_cli_rejects_non_finite_json_arguments_with_one_strict_envelope[[1,{&quot;nested&quot;:NaN}]]" time="0.002" /><testcase classname="tests.unit.test_cli_and_mcp" name="test_cli_rejects_non_finite_json_arguments_with_one_strict_envelope[1e999]" time="0.002" /><testcase classname="tests.unit.test_cli_and_mcp" name="test_final_cli_encoder_falls_back_to_one_strict_internal_error[nan]" time="0.001" /><testcase classname="tests.unit.test_cli_and_mcp" name="test_final_cli_encoder_falls_back_to_one_strict_internal_error[inf]" time="0.002" /><testcase classname="tests.unit.test_cli_and_mcp" name="test_final_cli_encoder_falls_back_to_one_strict_internal_error[-inf]" time="0.001" /><testcase classname="tests.unit.test_cli_and_mcp" name="test_final_cli_encoder_falls_back_to_one_strict_internal_error[result3]" time="0.002" /><testcase classname="tests.unit.test_cli_and_mcp" name="test_cli_subprocess_writes_lone_surrogates_as_one_utf8_safe_envelope[top-d800]" time="0.125" /><testcase classname="tests.unit.test_cli_and_mcp" name="test_cli_subprocess_writes_lone_surrogates_as_one_utf8_safe_envelope[top-dfff]" time="0.123" /><testcase classname="tests.unit.test_cli_and_mcp" name="test_cli_subprocess_writes_lone_surrogates_as_one_utf8_safe_envelope[nested-d800]" time="0.127" /><testcase classname="tests.unit.test_cli_and_mcp" name="test_cli_subprocess_writes_lone_surrogates_as_one_utf8_safe_envelope[nested-dfff]" time="0.151" /><testcase classname="tests.unit.test_json_codec" name="test_strict_decoder_rejects_named_and_overflow_non_finite_values[NaN]" time="0.000" /><testcase classname="tests.unit.test_json_codec" name="test_strict_decoder_rejects_named_and_overflow_non_finite_values[Infinity]" time="0.000" /><testcase classname="tests.unit.test_json_codec" name="test_strict_decoder_rejects_named_and_overflow_non_finite_values[-Infinity]" time="0.000" /><testcase classname="tests.unit.test_json_codec" name="test_strict_decoder_rejects_named_and_overflow_non_finite_values[[1,{&quot;nested&quot;:NaN}]]" time="0.000" /><testcase classname="tests.unit.test_json_codec" name="test_strict_decoder_rejects_named_and_overflow_non_finite_values[1e999]" time="0.000" /><testcase classname="tests.unit.test_json_codec" name="test_strict_decoder_rejects_named_and_overflow_non_finite_values[{&quot;nested&quot;:[-1e999]}]" time="0.000" /><testcase classname="tests.unit.test_json_codec" name="test_strict_encoder_rejects_scalar_and_nested_non_finite_values[nan]" time="0.000" /><testcase classname="tests.unit.test_json_codec" name="test_strict_encoder_rejects_scalar_and_nested_non_finite_values[inf]" time="0.000" /><testcase classname="tests.unit.test_json_codec" name="test_strict_encoder_rejects_scalar_and_nested_non_finite_values[-inf]" time="0.000" /><testcase classname="tests.unit.test_json_codec" name="test_strict_encoder_rejects_scalar_and_nested_non_finite_values[value3]" time="0.000" /><testcase classname="tests.unit.test_json_codec" name="test_strict_encoder_rejects_scalar_and_nested_non_finite_values[value4]" time="0.000" /><testcase classname="tests.unit.test_json_codec" name="test_strict_codec_preserves_normal_json_values" time="0.000" /><testcase classname="tests.unit.test_json_codec" name="test_strict_encoder_escapes_lone_surrogates_for_utf8_sinks[\ud800]" time="0.000" /><testcase classname="tests.unit.test_json_codec" name="test_strict_encoder_escapes_lone_surrogates_for_utf8_sinks[\udfff]" time="0.000" /><testcase classname="tests.unit.test_json_codec" name="test_strict_encoder_escapes_lone_surrogates_for_utf8_sinks[value2]" time="0.000" /><testcase classname="tests.unit.test_json_codec" name="test_strict_encoder_escapes_lone_surrogates_for_utf8_sinks[value3]" time="0.000" /><testcase classname="tests.unit.test_mcp_adapter" name="test_retained_mcp_inventory_delegates_to_one_application" time="0.056" /><testcase classname="tests.unit.test_policy" name="test_url_and_timeout_policy_is_strict" time="0.000" /><testcase classname="tests.unit.test_policy" name="test_artifact_policy_confines_and_preserves_workspace" time="0.002" /><testcase classname="tests.unit.test_policy" name="test_no_overwrite_commit_atomically_preserves_an_interleaving_winner[bytes]" time="0.001" /><testcase classname="tests.unit.test_policy" name="test_no_overwrite_commit_atomically_preserves_an_interleaving_winner[text]" time="0.001" /><testcase classname="tests.unit.test_policy" name="test_no_overwrite_commit_atomically_preserves_an_interleaving_winner[json]" time="0.001" /><testcase classname="tests.unit.test_policy" name="test_explicit_overwrite_replaces_existing_generic_artifact[bytes]" time="0.001" /><testcase classname="tests.unit.test_policy" name="test_explicit_overwrite_replaces_existing_generic_artifact[text]" time="0.001" /><testcase classname="tests.unit.test_policy" name="test_explicit_overwrite_replaces_existing_generic_artifact[json]" time="0.002" /><testcase classname="tests.unit.test_policy" name="test_json_artifact_rejects_non_finite_values_without_leaving_files[nan]" time="0.001" /><testcase classname="tests.unit.test_policy" name="test_json_artifact_rejects_non_finite_values_without_leaving_files[value1]" time="0.001" /><testcase classname="tests.unit.test_policy" name="test_json_artifact_rejects_non_finite_values_without_leaving_files[-inf]" time="0.001" /><testcase classname="tests.unit.test_policy" name="test_json_artifact_escapes_lone_surrogates_for_utf8_publication[\ud800]" time="0.001" /><testcase classname="tests.unit.test_policy" name="test_json_artifact_escapes_lone_surrogates_for_utf8_publication[\udfff]" time="0.001" /><testcase classname="tests.unit.test_policy" name="test_json_artifact_escapes_lone_surrogates_for_utf8_publication[value2]" time="0.001" /><testcase classname="tests.unit.test_policy" name="test_json_artifact_escapes_lone_surrogates_for_utf8_publication[value3]" time="0.001" /><testcase classname="tests.unit.test_runtime" name="test_browser_session_uses_public_cdp_target_info_and_detaches" time="0.001" /><testcase classname="tests.unit.test_runtime" name="test_runtime_config_has_owned_defaults_and_ignores_removed_download_setting" time="0.000" /><testcase classname="tests.unit.test_runtime" name="test_runtime_config_validates_explicit_launch_settings" time="0.001" /><testcase classname="tests.unit.test_runtime" name="test_runtime_config_rejects_invalid_values[environment0]" time="0.000" /><testcase classname="tests.unit.test_runtime" name="test_runtime_config_rejects_invalid_values[environment1]" time="0.000" /><testcase classname="tests.unit.test_runtime" name="test_runtime_config_rejects_invalid_values[environment2]" time="0.000" /><testcase classname="tests.unit.test_runtime" name="test_runtime_config_rejects_invalid_values[environment3]" time="0.000" /><testcase classname="tests.unit.test_runtime" name="test_runtime_config_rejects_invalid_values[environment4]" time="0.000" /><testcase classname="tests.unit.test_runtime" name="test_runtime_config_rejects_invalid_values[environment5]" time="0.000" /><testcase classname="tests.unit.test_runtime" name="test_executable_resolution_uses_deterministic_path_fallback" time="0.001" /><testcase classname="tests.unit.test_runtime" name="test_executable_resolution_fails_without_supported_candidate" time="0.001" /><testcase classname="tests.unit.test_runtime" name="test_cdp_probe_requires_a_real_websocket_debugger_url[ws://127.0.0.1/devtools/browser/test-True]" time="0.009" /><testcase classname="tests.unit.test_runtime" name="test_cdp_probe_requires_a_real_websocket_debugger_url[wss://127.0.0.1/devtools/browser/test-True]" time="0.002" /><testcase classname="tests.unit.test_runtime" name="test_cdp_probe_requires_a_real_websocket_debugger_url[ws-not-a-url-False]" time="0.002" /><testcase classname="tests.unit.test_runtime" name="test_cdp_probe_requires_a_real_websocket_debugger_url[None-False]" time="0.002" /><testcase classname="tests.unit.test_runtime" name="test_establishment_gate_is_private_noninheritable_and_cancel_safe" time="0.022" /><testcase classname="tests.unit.test_runtime" name="test_establishment_gate_rejects_a_symlink_lock_file" time="0.002" /><testcase classname="tests.unit.test_runtime" name="test_launcher_acquires_gate_before_authoritative_ready_probe" time="0.035" /><testcase classname="tests.unit.test_runtime" name="test_launcher_gate_timeout_does_not_probe_or_acquire_abort_authority" time="0.032" /><testcase classname="tests.unit.test_runtime" name="test_probe_cancellation_keeps_gate_until_authoritative_probe_finishes" time="0.035" /><testcase classname="tests.unit.test_runtime" name="test_launcher_spawns_one_noninheriting_group_and_retains_gate_until_promote" time="0.002" /><testcase classname="tests.unit.test_runtime" name="test_launcher_aborts_owned_group_before_unlock_on_early_exit" time="0.003" /><testcase classname="tests.unit.test_runtime" name="test_launcher_cancellation_aborts_owned_group_before_unlock" time="0.002" /><testcase classname="tests.unit.test_runtime" name="test_exact_process_group_cleanup_uses_only_owned_group" time="0.000" /><testcase classname="tests.unit.test_runtime" name="test_runtime_disconnects_client_without_browser_close" time="0.001" /><testcase classname="tests.unit.test_runtime" name="test_runtime_aborts_pending_launch_on_connection_or_context_failure[False]" time="0.003" /><testcase classname="tests.unit.test_runtime" name="test_runtime_aborts_pending_launch_on_connection_or_context_failure[True]" time="0.002" /><testcase classname="tests.unit.test_runtime" name="test_runtime_promotes_before_yield_and_never_aborts_promoted_chrome" time="0.002" /><testcase classname="tests.unit.test_runtime" name="test_runtime_cancellation_during_pending_connection_aborts_before_return" time="0.002" /><testcase classname="tests.unit.test_runtime" name="test_second_caller_stays_before_probe_connect_until_pending_owner_is_terminal[abort]" time="0.025" /><testcase classname="tests.unit.test_runtime" name="test_second_caller_stays_before_probe_connect_until_pending_owner_is_terminal[promote]" time="0.300" /></testsuite></testsuites>