<?xml version="1.0" encoding="utf-8"?><testsuites name="pytest tests"><testsuite name="pytest" errors="0" failures="0" skipped="7" tests="74" time="2.927" timestamp="2026-08-17T10:43:36.952748+02:00" hostname="MacBookPro"><testcase classname="tests.integration.test_cli_real_chrome" name="test_independent_cli_processes_operate_one_real_target_without_stray_or_global_close" time="0.004"><skipped type="pytest.skip" message="set AUTOBYTEUS_BROWSER_REAL_TESTS=1 to run executable integration coverage">/Users/normy/autobyteus_org/autobyteus_mcps-browser-mcp-cli-skill/autobyteus-browser/tests/integration/test_cli_real_chrome.py:32: set AUTOBYTEUS_BROWSER_REAL_TESTS=1 to run executable integration coverage</skipped></testcase><testcase classname="tests.integration.test_cli_real_chrome" name="test_real_content_dom_script_screenshot_and_workspace_artifacts" time="0.004"><skipped type="pytest.skip" message="set AUTOBYTEUS_BROWSER_REAL_TESTS=1 to run executable integration coverage">/Users/normy/autobyteus_org/autobyteus_mcps-browser-mcp-cli-skill/autobyteus-browser/tests/integration/test_cli_real_chrome.py:92: set AUTOBYTEUS_BROWSER_REAL_TESTS=1 to run executable integration coverage</skipped></testcase><testcase classname="tests.integration.test_cli_real_chrome" name="test_attach_ambiguity_external_close_stale_error_and_user_tab_survival" time="0.000"><skipped type="pytest.skip" message="set AUTOBYTEUS_BROWSER_REAL_TESTS=1 to run executable integration coverage">/Users/normy/autobyteus_org/autobyteus_mcps-browser-mcp-cli-skill/autobyteus-browser/tests/integration/test_cli_real_chrome.py:279: set AUTOBYTEUS_BROWSER_REAL_TESTS=1 to run executable integration coverage</skipped></testcase><testcase classname="tests.integration.test_cli_real_chrome" name="test_navigation_timeout_rolls_back_only_new_page" time="0.000"><skipped type="pytest.skip" message="set AUTOBYTEUS_BROWSER_REAL_TESTS=1 to run executable integration coverage">/Users/normy/autobyteus_org/autobyteus_mcps-browser-mcp-cli-skill/autobyteus-browser/tests/integration/test_cli_real_chrome.py:323: set AUTOBYTEUS_BROWSER_REAL_TESTS=1 to run executable integration coverage</skipped></testcase><testcase classname="tests.integration.test_launcher_black_box" name="test_launcher_readiness_branches_and_missing_bundle_are_exactly_once" time="0.335" /><testcase classname="tests.integration.test_launcher_black_box" name="test_relocated_clean_bundle_first_health_and_help_from_unrelated_cwd" time="0.000"><skipped type="pytest.skip" message="set AUTOBYTEUS_BROWSER_REAL_TESTS=1 to run executable integration coverage">/Users/normy/autobyteus_org/autobyteus_mcps-browser-mcp-cli-skill/autobyteus-browser/tests/integration/test_launcher_black_box.py:119: set AUTOBYTEUS_BROWSER_REAL_TESTS=1 to run executable integration coverage</skipped></testcase><testcase classname="tests.integration.test_launcher_black_box" name="test_connectivity_failure_is_one_cli_owned_error" time="0.828" /><testcase classname="tests.integration.test_mcp_transports_real" name="test_production_stdio_mcp_launcher_inventory_real_operation_and_error" time="0.000"><skipped type="pytest.skip" message="set AUTOBYTEUS_BROWSER_REAL_TESTS=1 to run executable integration coverage">/Users/normy/autobyteus_org/autobyteus_mcps-browser-mcp-cli-skill/autobyteus-browser/tests/integration/test_mcp_transports_real.py:49: set AUTOBYTEUS_BROWSER_REAL_TESTS=1 to run executable integration coverage</skipped></testcase><testcase classname="tests.integration.test_mcp_transports_real" name="test_streamable_http_default_loopback_and_explicit_remote_warning" time="0.000"><skipped type="pytest.skip" message="set AUTOBYTEUS_BROWSER_REAL_TESTS=1 to run executable integration coverage">/Users/normy/autobyteus_org/autobyteus_mcps-browser-mcp-cli-skill/autobyteus-browser/tests/integration/test_mcp_transports_real.py:153: set AUTOBYTEUS_BROWSER_REAL_TESTS=1 to run executable integration coverage</skipped></testcase><testcase classname="tests.integration.test_mcp_transports_real" name="test_mcp_invalid_host_and_port_fail_before_server_start" time="0.808" /><testcase classname="tests.unit.test_application" name="test_shared_application_supports_explicit_cross_call_tab_workflow" time="0.004" /><testcase classname="tests.unit.test_application" name="test_attach_ambiguity_and_stale_target_are_stable" time="0.001" /><testcase classname="tests.unit.test_application" name="test_script_results_must_be_strict_finite_json[nan-None]" time="0.001" /><testcase classname="tests.unit.test_application" name="test_script_results_must_be_strict_finite_json[inf-artifacts/result.json]" time="0.001" /><testcase classname="tests.unit.test_application" name="test_script_results_must_be_strict_finite_json[result2-None]" time="0.001" /><testcase classname="tests.unit.test_application" name="test_script_results_must_be_strict_finite_json[result3-artifacts/result.json]" time="0.001" /><testcase classname="tests.unit.test_application" name="test_script_argument_must_be_strict_finite_json" time="0.001" /><testcase classname="tests.unit.test_application" name="test_script_lone_surrogate_results_remain_sink_safe[\ud800-None]" time="0.001" /><testcase classname="tests.unit.test_application" name="test_script_lone_surrogate_results_remain_sink_safe[\udfff-None]" time="0.001" /><testcase classname="tests.unit.test_application" name="test_script_lone_surrogate_results_remain_sink_safe[script_result2-artifacts/high-surrogate.json]" time="0.002" /><testcase classname="tests.unit.test_application" name="test_script_lone_surrogate_results_remain_sink_safe[script_result3-artifacts/low-surrogate.json]" time="0.002" /><testcase classname="tests.unit.test_application" name="test_screenshot_no_overwrite_preserves_interleaving_winner_and_cleans_temporary" time="0.002" /><testcase classname="tests.unit.test_application" name="test_screenshot_explicit_overwrite_replaces_existing_file" time="0.002" /><testcase classname="tests.unit.test_cli_and_mcp" name="test_cli_success_and_stable_error_envelopes" time="0.003" /><testcase classname="tests.unit.test_cli_and_mcp" name="test_cli_readiness_marker_precedes_parsing" time="0.002" /><testcase classname="tests.unit.test_cli_and_mcp" name="test_mcp_runtime_defaults_validation_and_inventory" time="0.015" /><testcase classname="tests.unit.test_cli_and_mcp" name="test_mcp_main_warns_once_for_non_loopback_http" time="0.000" /><testcase classname="tests.unit.test_cli_and_mcp" name="test_cli_rejects_non_finite_json_arguments_with_one_strict_envelope[NaN]" time="0.002" /><testcase classname="tests.unit.test_cli_and_mcp" name="test_cli_rejects_non_finite_json_arguments_with_one_strict_envelope[Infinity]" time="0.002" /><testcase classname="tests.unit.test_cli_and_mcp" name="test_cli_rejects_non_finite_json_arguments_with_one_strict_envelope[-Infinity]" time="0.001" /><testcase classname="tests.unit.test_cli_and_mcp" name="test_cli_rejects_non_finite_json_arguments_with_one_strict_envelope[[1,{&quot;nested&quot;:NaN}]]" time="0.001" /><testcase classname="tests.unit.test_cli_and_mcp" name="test_cli_rejects_non_finite_json_arguments_with_one_strict_envelope[1e999]" time="0.002" /><testcase classname="tests.unit.test_cli_and_mcp" name="test_final_cli_encoder_falls_back_to_one_strict_internal_error[nan]" time="0.002" /><testcase classname="tests.unit.test_cli_and_mcp" name="test_final_cli_encoder_falls_back_to_one_strict_internal_error[inf]" time="0.001" /><testcase classname="tests.unit.test_cli_and_mcp" name="test_final_cli_encoder_falls_back_to_one_strict_internal_error[-inf]" time="0.001" /><testcase classname="tests.unit.test_cli_and_mcp" name="test_final_cli_encoder_falls_back_to_one_strict_internal_error[result3]" time="0.001" /><testcase classname="tests.unit.test_cli_and_mcp" name="test_cli_subprocess_writes_lone_surrogates_as_one_utf8_safe_envelope[top-d800]" time="0.119" /><testcase classname="tests.unit.test_cli_and_mcp" name="test_cli_subprocess_writes_lone_surrogates_as_one_utf8_safe_envelope[top-dfff]" time="0.114" /><testcase classname="tests.unit.test_cli_and_mcp" name="test_cli_subprocess_writes_lone_surrogates_as_one_utf8_safe_envelope[nested-d800]" time="0.118" /><testcase classname="tests.unit.test_cli_and_mcp" name="test_cli_subprocess_writes_lone_surrogates_as_one_utf8_safe_envelope[nested-dfff]" time="0.117" /><testcase classname="tests.unit.test_json_codec" name="test_strict_decoder_rejects_named_and_overflow_non_finite_values[NaN]" time="0.000" /><testcase classname="tests.unit.test_json_codec" name="test_strict_decoder_rejects_named_and_overflow_non_finite_values[Infinity]" time="0.000" /><testcase classname="tests.unit.test_json_codec" name="test_strict_decoder_rejects_named_and_overflow_non_finite_values[-Infinity]" time="0.000" /><testcase classname="tests.unit.test_json_codec" name="test_strict_decoder_rejects_named_and_overflow_non_finite_values[[1,{&quot;nested&quot;:NaN}]]" time="0.000" /><testcase classname="tests.unit.test_json_codec" name="test_strict_decoder_rejects_named_and_overflow_non_finite_values[1e999]" time="0.000" /><testcase classname="tests.unit.test_json_codec" name="test_strict_decoder_rejects_named_and_overflow_non_finite_values[{&quot;nested&quot;:[-1e999]}]" time="0.000" /><testcase classname="tests.unit.test_json_codec" name="test_strict_encoder_rejects_scalar_and_nested_non_finite_values[nan]" time="0.000" /><testcase classname="tests.unit.test_json_codec" name="test_strict_encoder_rejects_scalar_and_nested_non_finite_values[inf]" time="0.000" /><testcase classname="tests.unit.test_json_codec" name="test_strict_encoder_rejects_scalar_and_nested_non_finite_values[-inf]" time="0.000" /><testcase classname="tests.unit.test_json_codec" name="test_strict_encoder_rejects_scalar_and_nested_non_finite_values[value3]" time="0.000" /><testcase classname="tests.unit.test_json_codec" name="test_strict_encoder_rejects_scalar_and_nested_non_finite_values[value4]" time="0.000" /><testcase classname="tests.unit.test_json_codec" name="test_strict_codec_preserves_normal_json_values" time="0.000" /><testcase classname="tests.unit.test_json_codec" name="test_strict_encoder_escapes_lone_surrogates_for_utf8_sinks[\ud800]" time="0.000" /><testcase classname="tests.unit.test_json_codec" name="test_strict_encoder_escapes_lone_surrogates_for_utf8_sinks[\udfff]" time="0.000" /><testcase classname="tests.unit.test_json_codec" name="test_strict_encoder_escapes_lone_surrogates_for_utf8_sinks[value2]" time="0.000" /><testcase classname="tests.unit.test_json_codec" name="test_strict_encoder_escapes_lone_surrogates_for_utf8_sinks[value3]" time="0.000" /><testcase classname="tests.unit.test_mcp_adapter" name="test_retained_mcp_inventory_delegates_to_one_application" time="0.053" /><testcase classname="tests.unit.test_policy" name="test_url_and_timeout_policy_is_strict" time="0.000" /><testcase classname="tests.unit.test_policy" name="test_artifact_policy_confines_and_preserves_workspace" time="0.002" /><testcase classname="tests.unit.test_policy" name="test_no_overwrite_commit_atomically_preserves_an_interleaving_winner[bytes]" time="0.001" /><testcase classname="tests.unit.test_policy" name="test_no_overwrite_commit_atomically_preserves_an_interleaving_winner[text]" time="0.002" /><testcase classname="tests.unit.test_policy" name="test_no_overwrite_commit_atomically_preserves_an_interleaving_winner[json]" time="0.001" /><testcase classname="tests.unit.test_policy" name="test_explicit_overwrite_replaces_existing_generic_artifact[bytes]" time="0.001" /><testcase classname="tests.unit.test_policy" name="test_explicit_overwrite_replaces_existing_generic_artifact[text]" time="0.001" /><testcase classname="tests.unit.test_policy" name="test_explicit_overwrite_replaces_existing_generic_artifact[json]" time="0.002" /><testcase classname="tests.unit.test_policy" name="test_json_artifact_rejects_non_finite_values_without_leaving_files[nan]" time="0.001" /><testcase classname="tests.unit.test_policy" name="test_json_artifact_rejects_non_finite_values_without_leaving_files[value1]" time="0.001" /><testcase classname="tests.unit.test_policy" name="test_json_artifact_rejects_non_finite_values_without_leaving_files[-inf]" time="0.001" /><testcase classname="tests.unit.test_policy" name="test_json_artifact_escapes_lone_surrogates_for_utf8_publication[\ud800]" time="0.001" /><testcase classname="tests.unit.test_policy" name="test_json_artifact_escapes_lone_surrogates_for_utf8_publication[\udfff]" time="0.001" /><testcase classname="tests.unit.test_policy" name="test_json_artifact_escapes_lone_surrogates_for_utf8_publication[value2]" time="0.001" /><testcase classname="tests.unit.test_policy" name="test_json_artifact_escapes_lone_surrogates_for_utf8_publication[value3]" time="0.001" /><testcase classname="tests.unit.test_runtime" name="test_browser_session_uses_public_cdp_target_info_and_detaches" time="0.001" /><testcase classname="tests.unit.test_runtime" name="test_runtime_disconnects_client_without_browser_close" time="0.026" /></testsuite></testsuites>