<?xml version="1.0" encoding="utf-8"?><testsuites name="pytest tests"><testsuite name="pytest" errors="0" failures="0" skipped="0" tests="13" time="49.078" timestamp="2026-08-18T09:42:20.312070+02:00" hostname="MacBookPro"><testcase classname="tests.integration.test_cli_real_chrome" name="test_independent_cli_processes_operate_one_real_target_without_stray_or_global_close" time="4.109" /><testcase classname="tests.integration.test_cli_real_chrome" name="test_real_content_dom_script_screenshot_and_workspace_artifacts" time="6.063" /><testcase classname="tests.integration.test_cli_real_chrome" name="test_attach_ambiguity_external_close_stale_error_and_user_tab_survival" time="2.797" /><testcase classname="tests.integration.test_cli_real_chrome" name="test_navigation_timeout_rolls_back_only_new_page" time="0.745" /><testcase classname="tests.integration.test_launcher_black_box" name="test_launcher_readiness_branches_and_missing_bundle_are_exactly_once" time="0.451" /><testcase classname="tests.integration.test_launcher_black_box" name="test_relocated_clean_bundle_first_health_and_help_from_unrelated_cwd" time="4.207" /><testcase classname="tests.integration.test_launcher_black_box" name="test_connectivity_failure_is_one_cli_owned_error" time="20.376" /><testcase classname="tests.integration.test_mcp_transports_real" name="test_production_stdio_mcp_launcher_inventory_real_operation_and_error" time="2.184" /><testcase classname="tests.integration.test_mcp_transports_real" name="test_streamable_http_default_loopback_and_explicit_remote_warning" time="3.194" /><testcase classname="tests.integration.test_mcp_transports_real" name="test_mcp_invalid_host_and_port_fail_before_server_start" time="0.808" /><testcase classname="tests.integration.test_runtime_real_chrome" name="test_production_owned_chrome_persists_for_later_cli_processes" time="3.678" /><testcase classname="tests.integration.test_skill_contract" name="test_skill_resolves_only_its_relative_launcher_from_the_advertised_file" time="0.001" /><testcase classname="tests.integration.test_skill_contract" name="test_bundle_and_package_publish_only_the_generic_entrypoints" time="0.162" /></testsuite></testsuites>