<?xml version="1.0" encoding="utf-8"?><testsuites name="pytest tests"><testsuite name="pytest" errors="0" failures="0" skipped="0" tests="10" time="36.944" timestamp="2026-08-17T10:43:45.162699+02:00" hostname="MacBookPro"><testcase classname="tests.integration.test_cli_real_chrome" name="test_independent_cli_processes_operate_one_real_target_without_stray_or_global_close" time="6.984" /><testcase classname="tests.integration.test_cli_real_chrome" name="test_real_content_dom_script_screenshot_and_workspace_artifacts" time="9.652" /><testcase classname="tests.integration.test_cli_real_chrome" name="test_attach_ambiguity_external_close_stale_error_and_user_tab_survival" time="4.035" /><testcase classname="tests.integration.test_cli_real_chrome" name="test_navigation_timeout_rolls_back_only_new_page" time="0.975" /><testcase classname="tests.integration.test_launcher_black_box" name="test_launcher_readiness_branches_and_missing_bundle_are_exactly_once" time="0.337" /><testcase classname="tests.integration.test_launcher_black_box" name="test_relocated_clean_bundle_first_health_and_help_from_unrelated_cwd" time="4.281" /><testcase classname="tests.integration.test_launcher_black_box" name="test_connectivity_failure_is_one_cli_owned_error" time="0.725" /><testcase classname="tests.integration.test_mcp_transports_real" name="test_production_stdio_mcp_launcher_inventory_real_operation_and_error" time="3.495" /><testcase classname="tests.integration.test_mcp_transports_real" name="test_streamable_http_default_loopback_and_explicit_remote_warning" time="4.956" /><testcase classname="tests.integration.test_mcp_transports_real" name="test_mcp_invalid_host_and_port_fail_before_server_start" time="1.284" /></testsuite></testsuites>